<?xml version="1.0" encoding="UTF-8"?>
<testsuite name="com.example.mqttraspberry.ExampleUnitTest" tests="1" skipped="0" failures="0" errors="0" timestamp="2024-11-22T11:32:29" hostname="PORTATILDEDENYS" time="0.008">
  <properties/>
  <testcase name="addition_isCorrect" classname="com.example.mqttraspberry.ExampleUnitTest" time="0.008"/>
  <system-out><![CDATA[]]></system-out>
  <system-err><![CDATA[]]></system-err>
</testsuite>
